<?xml version="1.0" encoding="UTF-8"?>
<!-- Generated by org.testng.reporters.JUnitXMLReporter -->
<testsuite hostname="LAPTOP-F8VFH2TR" name="Test" tests="3" failures="0" timestamp="15 Jul 2023 09:27:36 GMT" time="5.624" errors="0">
  <testcase name="addPlace" time="4.144" classname="ApiTests.UpdateAddressTest"/>
  <testcase name="updateAddress" time="0.186" classname="ApiTests.UpdateAddressTest"/>
  <testcase name="addPlace" time="0.224" classname="ApiTests.AddPlaceId_XLTest"/>
</testsuite> <!-- Test -->
