<?xml version="1.0" encoding="UTF-8"?>
<testng-results skipped="0" failed="0" total="1" passed="1">
  <reporter-output>
  </reporter-output>
  <suite name="Default suite" duration-ms="2377" started-at="2023-07-15T13:40:25Z" finished-at="2023-07-15T13:40:27Z">
    <groups>
    </groups>
    <test name="Default test" duration-ms="2377" started-at="2023-07-15T13:40:25Z" finished-at="2023-07-15T13:40:27Z">
      <class name="ApiTests.AddBookTest">
        <test-method status="PASS" signature="addBook()[pri:0, instance:ApiTests.AddBookTest@5702b3b1]" name="addBook" duration-ms="2075" started-at="2023-07-15T19:10:25Z" finished-at="2023-07-15T19:10:27Z">
          <reporter-output>
          </reporter-output>
        </test-method> <!-- addBook -->
      </class> <!-- ApiTests.AddBookTest -->
    </test> <!-- Default test -->
  </suite> <!-- Default suite -->
</testng-results>
